<?xml version="1.0" encoding="UTF-8"?>
<!-- Generated by org.testng.reporters.JUnitReportReporter -->
<testsuite hostname="Ben-Desktop" failures="0" tests="5" name="org.KF5008.AssessmentA.StudentSimulationNGTest" time="1.948" errors="0" timestamp="15 Jan 2021 12:57:49 GMT">
  <testcase classname="org.KF5008.AssessmentA.StudentSimulationNGTest" name="testCorrectness" time="0.070"/>
  <testcase classname="org.KF5008.AssessmentA.StudentSimulationNGTest" name="testMake" time="0.000"/>
  <testcase classname="org.KF5008.AssessmentA.StudentSimulationNGTest" name="testSpeed" time="1.877"/>
  <testcase classname="org.KF5008.AssessmentA.StudentSimulationNGTest" name="testGenerate" time="0.001"/>
  <testcase classname="org.KF5008.AssessmentA.StudentSimulationNGTest" name="testGetAllPhones" time="0.000"/>
</testsuite> <!-- org.KF5008.AssessmentA.StudentSimulationNGTest -->
