<?xml version="1.0" encoding="UTF-8"?>
<!-- Generated by org.testng.reporters.JUnitReportReporter -->
<testsuite hostname="Ben-Desktop" failures="0" tests="6" name="org.KF5008.AssessmentA.MobilePhoneNGTest" time="0.006" errors="0" timestamp="15 Jan 2021 12:57:49 GMT">
  <testcase classname="org.KF5008.AssessmentA.MobilePhoneNGTest" name="testHasMessage" time="0.000"/>
  <testcase classname="org.KF5008.AssessmentA.MobilePhoneNGTest" name="testSetDead" time="0.001"/>
  <testcase classname="org.KF5008.AssessmentA.MobilePhoneNGTest" name="testIsSperationLessThan" time="0.000"/>
  <testcase classname="org.KF5008.AssessmentA.MobilePhoneNGTest" name="testIsDead" time="0.005"/>
  <testcase classname="org.KF5008.AssessmentA.MobilePhoneNGTest" name="testToString" time="0.000"/>
  <testcase classname="org.KF5008.AssessmentA.MobilePhoneNGTest" name="testEquals" time="0.000"/>
</testsuite> <!-- org.KF5008.AssessmentA.MobilePhoneNGTest -->
